2020-10-19 10:15:28 INFO  Main:22 - test
2020-10-19 10:17:49 INFO  Main:22 - test
2020-10-19 10:17:49 INFO  Main:23 - First random number is %o and second is %o
2020-10-19 10:17:49 INFO  Main:24 - 100
2020-10-19 10:19:03 INFO  Main:13 - test
2020-10-19 10:19:03 INFO  Main:14 - First random number is %o and second is %o
2020-10-19 10:19:03 INFO  Main:15 - 100
2020-10-19 10:20:13 INFO  Main:23 - OFF
2020-10-19 10:20:13 INFO  Main:24 - FATAL
2020-10-19 10:20:13 INFO  Main:25 - ERROR
2020-10-19 10:20:13 INFO  Main:26 - WARN
2020-10-19 10:20:13 INFO  Main:27 - INFO
2020-10-19 10:20:13 INFO  Main:28 - DEBUG
2020-10-19 10:20:13 INFO  Main:29 - TRACE
2020-10-19 10:20:13 INFO  Main:30 - ALL
2020-10-19 10:20:13 INFO  Main:19 - test
2020-10-19 10:20:13 INFO  Main:40 - First random number is 101 and second is 13
2020-10-19 10:35:53 INFO  Main:13 - test
2020-10-19 10:35:53 INFO  Main:14 - 100
2020-10-19 10:36:11 INFO  Main:23 - OFF
2020-10-19 10:36:11 INFO  Main:24 - FATAL
2020-10-19 10:36:11 INFO  Main:25 - ERROR
2020-10-19 10:36:11 INFO  Main:26 - WARN
2020-10-19 10:36:11 INFO  Main:27 - INFO
2020-10-19 10:36:11 INFO  Main:28 - DEBUG
2020-10-19 10:36:11 INFO  Main:29 - TRACE
2020-10-19 10:36:11 INFO  Main:30 - ALL
2020-10-19 10:36:11 INFO  Main:19 - test
2020-10-19 10:36:11 INFO  Main:40 - First random number is 125 and second is 16
2020-12-01 19:41:24 INFO  Main:22 - OFF
2020-12-01 19:41:24 INFO  Main:23 - FATAL
2020-12-01 19:41:24 INFO  Main:24 - ERROR
2020-12-01 19:41:24 INFO  Main:25 - WARN
2020-12-01 19:41:24 INFO  Main:26 - INFO
2020-12-01 19:41:24 INFO  Main:27 - DEBUG
2020-12-01 19:41:24 INFO  Main:28 - TRACE
2020-12-01 19:41:24 INFO  Main:29 - ALL
2020-12-01 19:41:24 INFO  Main:18 - test
2020-12-01 19:41:24 INFO  Main:38 - First random number is 37 and second is 41
2020-12-01 19:43:22 INFO  Main:13 - test
2020-12-01 19:43:22 INFO  Main:14 - 100
2020-12-02 22:33:15 INFO  Main:15 - test
2020-12-02 22:33:15 INFO  Main:16 - 100
2020-12-02 22:34:15 INFO  Main:15 - test
2020-12-02 22:34:15 INFO  Main:16 - 100
2020-12-02 22:35:22 INFO  Main:15 - test
2020-12-02 22:35:22 INFO  Main:16 - 100
2020-12-03 12:39:05 INFO  Main:20 - test
2020-12-03 12:39:05 INFO  Main:21 - 100
2020-12-03 12:39:19 INFO  Main:20 - test
2020-12-03 12:39:19 INFO  Main:21 - 100
2020-12-03 12:39:51 INFO  Main:20 - test
2020-12-03 12:39:51 INFO  Main:21 - 100
2020-12-03 12:46:44 INFO  Main:20 - test
2020-12-03 12:46:44 INFO  Main:21 - 100
